<?xml version="1.0" encoding="UTF-8"?>
<!-- Generated by org.testng.reporters.JUnitReportReporter -->
<testsuite skipped="0" hostname="LAPTOP-A8332NNU" name="com.Automation.HybridFramework.Testcases.LoginTest" tests="1" failures="0" timestamp="21 Jul 2018 09:18:51 GMT" time="4.888" errors="0">
  <testcase name="LoginTest" time="4.888" classname="com.Automation.HybridFramework.Testcases.LoginTest"/>
</testsuite> <!-- com.Automation.HybridFramework.Testcases.LoginTest -->
